C:\Program Files\Microsoft Visual Studio\2022\Community\MSBuild\Microsoft\VC\v170\Microsoft.CppBuild.targets(538,5): warning MSB8028: The intermediate directory (x64\Debug\) contains files shared from another project (ImGui DirectX 11 Kiero Hook.vcxproj).  This can lead to incorrect clean and rebuild behavior.
  OffsetLoader.cpp
C:\Program Files\Microsoft Visual Studio\2022\Community\VC\Tools\MSVC\14.44.35207\include\filesystem(12): warning STL4038: The contents of <filesystem> are available only with C++17 or later.
C:\Users\sigmad\Desktop\sploshwareRON\ImGui DirectX 11 Kiero Hook\OffsetLoader.cpp(16,10): error C3083: 'filesystem': the symbol to the left of a '::' must be a type
C:\Users\sigmad\Desktop\sploshwareRON\ImGui DirectX 11 Kiero Hook\OffsetLoader.cpp(16,22): error C2039: 'path': is not a member of 'std'
      C:\Program Files\Microsoft Visual Studio\2022\Community\VC\Tools\MSVC\14.44.35207\include\regex(56,1):
      see declaration of 'std'
  
C:\Users\sigmad\Desktop\sploshwareRON\ImGui DirectX 11 Kiero Hook\OffsetLoader.cpp(16,22): error C2065: 'path': undeclared identifier
C:\Users\sigmad\Desktop\sploshwareRON\ImGui DirectX 11 Kiero Hook\OffsetLoader.cpp(16,27): error C2146: syntax error: missing ';' before identifier 'dllPath'
C:\Users\sigmad\Desktop\sploshwareRON\ImGui DirectX 11 Kiero Hook\OffsetLoader.cpp(16,27): error C3861: 'dllPath': identifier not found
C:\Users\sigmad\Desktop\sploshwareRON\ImGui DirectX 11 Kiero Hook\OffsetLoader.cpp(17,10): error C3083: 'filesystem': the symbol to the left of a '::' must be a type
C:\Users\sigmad\Desktop\sploshwareRON\ImGui DirectX 11 Kiero Hook\OffsetLoader.cpp(17,22): error C2039: 'path': is not a member of 'std'
      C:\Program Files\Microsoft Visual Studio\2022\Community\VC\Tools\MSVC\14.44.35207\include\regex(56,1):
      see declaration of 'std'
  
C:\Users\sigmad\Desktop\sploshwareRON\ImGui DirectX 11 Kiero Hook\OffsetLoader.cpp(17,22): error C2065: 'path': undeclared identifier
C:\Users\sigmad\Desktop\sploshwareRON\ImGui DirectX 11 Kiero Hook\OffsetLoader.cpp(17,27): error C2146: syntax error: missing ';' before identifier 'basePath'
C:\Users\sigmad\Desktop\sploshwareRON\ImGui DirectX 11 Kiero Hook\OffsetLoader.cpp(17,27): error C2065: 'basePath': undeclared identifier
C:\Users\sigmad\Desktop\sploshwareRON\ImGui DirectX 11 Kiero Hook\OffsetLoader.cpp(17,38): error C2065: 'dllPath': undeclared identifier
C:\Users\sigmad\Desktop\sploshwareRON\ImGui DirectX 11 Kiero Hook\OffsetLoader.cpp(20,10): error C3083: 'filesystem': the symbol to the left of a '::' must be a type
C:\Users\sigmad\Desktop\sploshwareRON\ImGui DirectX 11 Kiero Hook\OffsetLoader.cpp(20,22): error C2039: 'path': is not a member of 'std'
      C:\Program Files\Microsoft Visual Studio\2022\Community\VC\Tools\MSVC\14.44.35207\include\regex(56,1):
      see declaration of 'std'
  
C:\Users\sigmad\Desktop\sploshwareRON\ImGui DirectX 11 Kiero Hook\OffsetLoader.cpp(20,22): error C2065: 'path': undeclared identifier
C:\Users\sigmad\Desktop\sploshwareRON\ImGui DirectX 11 Kiero Hook\OffsetLoader.cpp(20,27): error C2146: syntax error: missing ';' before identifier 'dumpFolder'
C:\Users\sigmad\Desktop\sploshwareRON\ImGui DirectX 11 Kiero Hook\OffsetLoader.cpp(20,27): error C2065: 'dumpFolder': undeclared identifier
C:\Users\sigmad\Desktop\sploshwareRON\ImGui DirectX 11 Kiero Hook\OffsetLoader.cpp(20,40): error C2065: 'basePath': undeclared identifier
C:\Users\sigmad\Desktop\sploshwareRON\ImGui DirectX 11 Kiero Hook\OffsetLoader.cpp(22,14): error C3083: 'filesystem': the symbol to the left of a '::' must be a type
C:\Users\sigmad\Desktop\sploshwareRON\ImGui DirectX 11 Kiero Hook\OffsetLoader.cpp(22,26): error C2039: 'exists': is not a member of 'std'
      C:\Program Files\Microsoft Visual Studio\2022\Community\VC\Tools\MSVC\14.44.35207\include\regex(56,1):
      see declaration of 'std'
  
C:\Users\sigmad\Desktop\sploshwareRON\ImGui DirectX 11 Kiero Hook\OffsetLoader.cpp(22,33): error C2065: 'dumpFolder': undeclared identifier
C:\Users\sigmad\Desktop\sploshwareRON\ImGui DirectX 11 Kiero Hook\OffsetLoader.cpp(22,26): error C3861: 'exists': identifier not found
C:\Users\sigmad\Desktop\sploshwareRON\ImGui DirectX 11 Kiero Hook\OffsetLoader.cpp(23,62): error C2065: 'dumpFolder': undeclared identifier
C:\Users\sigmad\Desktop\sploshwareRON\ImGui DirectX 11 Kiero Hook\OffsetLoader.cpp(24,16): error C2065: 'dumpFolder': undeclared identifier
C:\Users\sigmad\Desktop\sploshwareRON\ImGui DirectX 11 Kiero Hook\OffsetLoader.cpp(28,5): error C2065: 'dumpFolder': undeclared identifier
C:\Users\sigmad\Desktop\sploshwareRON\ImGui DirectX 11 Kiero Hook\OffsetLoader.cpp(28,23): error C3083: 'filesystem': the symbol to the left of a '::' must be a type
C:\Users\sigmad\Desktop\sploshwareRON\ImGui DirectX 11 Kiero Hook\OffsetLoader.cpp(28,35): error C2039: 'current_path': is not a member of 'std'
      C:\Program Files\Microsoft Visual Studio\2022\Community\VC\Tools\MSVC\14.44.35207\include\regex(56,1):
      see declaration of 'std'
  
C:\Users\sigmad\Desktop\sploshwareRON\ImGui DirectX 11 Kiero Hook\OffsetLoader.cpp(28,35): error C3861: 'current_path': identifier not found
C:\Users\sigmad\Desktop\sploshwareRON\ImGui DirectX 11 Kiero Hook\OffsetLoader.cpp(29,14): error C3083: 'filesystem': the symbol to the left of a '::' must be a type
C:\Users\sigmad\Desktop\sploshwareRON\ImGui DirectX 11 Kiero Hook\OffsetLoader.cpp(29,26): error C2039: 'exists': is not a member of 'std'
      C:\Program Files\Microsoft Visual Studio\2022\Community\VC\Tools\MSVC\14.44.35207\include\regex(56,1):
      see declaration of 'std'
  
C:\Users\sigmad\Desktop\sploshwareRON\ImGui DirectX 11 Kiero Hook\OffsetLoader.cpp(29,33): error C2065: 'dumpFolder': undeclared identifier
C:\Users\sigmad\Desktop\sploshwareRON\ImGui DirectX 11 Kiero Hook\OffsetLoader.cpp(29,26): error C3861: 'exists': identifier not found
C:\Users\sigmad\Desktop\sploshwareRON\ImGui DirectX 11 Kiero Hook\OffsetLoader.cpp(30,62): error C2065: 'dumpFolder': undeclared identifier
C:\Users\sigmad\Desktop\sploshwareRON\ImGui DirectX 11 Kiero Hook\OffsetLoader.cpp(31,16): error C2065: 'dumpFolder': undeclared identifier
C:\Users\sigmad\Desktop\sploshwareRON\ImGui DirectX 11 Kiero Hook\OffsetLoader.cpp(216,10): error C3083: 'filesystem': the symbol to the left of a '::' must be a type
C:\Users\sigmad\Desktop\sploshwareRON\ImGui DirectX 11 Kiero Hook\OffsetLoader.cpp(216,22): error C2039: 'path': is not a member of 'std'
      C:\Program Files\Microsoft Visual Studio\2022\Community\VC\Tools\MSVC\14.44.35207\include\regex(56,1):
      see declaration of 'std'
  
C:\Users\sigmad\Desktop\sploshwareRON\ImGui DirectX 11 Kiero Hook\OffsetLoader.cpp(216,22): error C2065: 'path': undeclared identifier
C:\Users\sigmad\Desktop\sploshwareRON\ImGui DirectX 11 Kiero Hook\OffsetLoader.cpp(216,27): error C2146: syntax error: missing ';' before identifier 'sdkPath'
C:\Users\sigmad\Desktop\sploshwareRON\ImGui DirectX 11 Kiero Hook\OffsetLoader.cpp(216,27): error C2065: 'sdkPath': undeclared identifier
C:\Users\sigmad\Desktop\sploshwareRON\ImGui DirectX 11 Kiero Hook\OffsetLoader.cpp(216,42): error C3083: 'filesystem': the symbol to the left of a '::' must be a type
C:\Users\sigmad\Desktop\sploshwareRON\ImGui DirectX 11 Kiero Hook\OffsetLoader.cpp(216,54): error C2039: 'path': is not a member of 'std'
      C:\Program Files\Microsoft Visual Studio\2022\Community\VC\Tools\MSVC\14.44.35207\include\regex(56,1):
      see declaration of 'std'
  
C:\Users\sigmad\Desktop\sploshwareRON\ImGui DirectX 11 Kiero Hook\OffsetLoader.cpp(216,54): error C3861: 'path': identifier not found
C:\Users\sigmad\Desktop\sploshwareRON\ImGui DirectX 11 Kiero Hook\OffsetLoader.cpp(217,14): error C3083: 'filesystem': the symbol to the left of a '::' must be a type
C:\Users\sigmad\Desktop\sploshwareRON\ImGui DirectX 11 Kiero Hook\OffsetLoader.cpp(217,26): error C2039: 'exists': is not a member of 'std'
      C:\Program Files\Microsoft Visual Studio\2022\Community\VC\Tools\MSVC\14.44.35207\include\regex(56,1):
      see declaration of 'std'
  
C:\Users\sigmad\Desktop\sploshwareRON\ImGui DirectX 11 Kiero Hook\OffsetLoader.cpp(217,33): error C2065: 'sdkPath': undeclared identifier
C:\Users\sigmad\Desktop\sploshwareRON\ImGui DirectX 11 Kiero Hook\OffsetLoader.cpp(217,26): error C3861: 'exists': identifier not found
C:\Users\sigmad\Desktop\sploshwareRON\ImGui DirectX 11 Kiero Hook\OffsetLoader.cpp(218,50): error C2065: 'sdkPath': undeclared identifier
C:\Users\sigmad\Desktop\sploshwareRON\ImGui DirectX 11 Kiero Hook\OffsetLoader.cpp(248,23): error C2429: language feature 'structured bindings' requires compiler flag '/std:c++17'
C:\Users\sigmad\Desktop\sploshwareRON\ImGui DirectX 11 Kiero Hook\OffsetLoader.cpp(249,19): error C2593: 'operator <<' is ambiguous
      C:\Program Files\Microsoft Visual Studio\2022\Community\VC\Tools\MSVC\14.44.35207\include\__msvc_ostream.hpp(480,39):
      could be 'std::basic_ostream<char,std::char_traits<char>> &std::basic_ostream<char,std::char_traits<char>>::operator <<(std::basic_streambuf<char,std::char_traits<char>> *)'
      C:\Program Files\Microsoft Visual Studio\2022\Community\VC\Tools\MSVC\14.44.35207\include\__msvc_ostream.hpp(448,39):
      or       'std::basic_ostream<char,std::char_traits<char>> &std::basic_ostream<char,std::char_traits<char>>::operator <<(const void *)'
      C:\Program Files\Microsoft Visual Studio\2022\Community\VC\Tools\MSVC\14.44.35207\include\__msvc_ostream.hpp(430,39):
      or       'std::basic_ostream<char,std::char_traits<char>> &std::basic_ostream<char,std::char_traits<char>>::operator <<(long double)'
      C:\Program Files\Microsoft Visual Studio\2022\Community\VC\Tools\MSVC\14.44.35207\include\__msvc_ostream.hpp(412,39):
      or       'std::basic_ostream<char,std::char_traits<char>> &std::basic_ostream<char,std::char_traits<char>>::operator <<(double)'
      C:\Program Files\Microsoft Visual Studio\2022\Community\VC\Tools\MSVC\14.44.35207\include\__msvc_ostream.hpp(394,39):
      or       'std::basic_ostream<char,std::char_traits<char>> &std::basic_ostream<char,std::char_traits<char>>::operator <<(float)'
      C:\Program Files\Microsoft Visual Studio\2022\Community\VC\Tools\MSVC\14.44.35207\include\__msvc_ostream.hpp(376,39):
      or       'std::basic_ostream<char,std::char_traits<char>> &std::basic_ostream<char,std::char_traits<char>>::operator <<(unsigned __int64)'
      C:\Program Files\Microsoft Visual Studio\2022\Community\VC\Tools\MSVC\14.44.35207\include\__msvc_ostream.hpp(358,39):
      or       'std::basic_ostream<char,std::char_traits<char>> &std::basic_ostream<char,std::char_traits<char>>::operator <<(__int64)'
      C:\Program Files\Microsoft Visual Studio\2022\Community\VC\Tools\MSVC\14.44.35207\include\__msvc_ostream.hpp(340,39):
      or       'std::basic_ostream<char,std::char_traits<char>> &std::basic_ostream<char,std::char_traits<char>>::operator <<(unsigned long)'
      C:\Program Files\Microsoft Visual Studio\2022\Community\VC\Tools\MSVC\14.44.35207\include\__msvc_ostream.hpp(322,39):
      or       'std::basic_ostream<char,std::char_traits<char>> &std::basic_ostream<char,std::char_traits<char>>::operator <<(long)'
      C:\Program Files\Microsoft Visual Studio\2022\Community\VC\Tools\MSVC\14.44.35207\include\__msvc_ostream.hpp(303,39):
      or       'std::basic_ostream<char,std::char_traits<char>> &std::basic_ostream<char,std::char_traits<char>>::operator <<(unsigned int)'
      C:\Program Files\Microsoft Visual Studio\2022\Community\VC\Tools\MSVC\14.44.35207\include\__msvc_ostream.hpp(277,39):
      or       'std::basic_ostream<char,std::char_traits<char>> &std::basic_ostream<char,std::char_traits<char>>::operator <<(int)'
      C:\Program Files\Microsoft Visual Studio\2022\Community\VC\Tools\MSVC\14.44.35207\include\__msvc_ostream.hpp(258,39):
      or       'std::basic_ostream<char,std::char_traits<char>> &std::basic_ostream<char,std::char_traits<char>>::operator <<(unsigned short)'
      C:\Program Files\Microsoft Visual Studio\2022\Community\VC\Tools\MSVC\14.44.35207\include\__msvc_ostream.hpp(224,39):
      or       'std::basic_ostream<char,std::char_traits<char>> &std::basic_ostream<char,std::char_traits<char>>::operator <<(short)'
      C:\Program Files\Microsoft Visual Studio\2022\Community\VC\Tools\MSVC\14.44.35207\include\__msvc_ostream.hpp(206,39):
      or       'std::basic_ostream<char,std::char_traits<char>> &std::basic_ostream<char,std::char_traits<char>>::operator <<(bool)'
      C:\Program Files\Microsoft Visual Studio\2022\Community\VC\Tools\MSVC\14.44.35207\include\__msvc_ostream.hpp(200,39):
      or       'std::basic_ostream<char,std::char_traits<char>> &std::basic_ostream<char,std::char_traits<char>>::operator <<(std::ios_base &(__cdecl *)(std::ios_base &))'
      C:\Program Files\Microsoft Visual Studio\2022\Community\VC\Tools\MSVC\14.44.35207\include\__msvc_ostream.hpp(194,39):
      or       'std::basic_ostream<char,std::char_traits<char>> &std::basic_ostream<char,std::char_traits<char>>::operator <<(std::basic_ios<char,std::char_traits<char>> &(__cdecl *)(std::basic_ios<char,std::char_traits<char>> &))'
      C:\Program Files\Microsoft Visual Studio\2022\Community\VC\Tools\MSVC\14.44.35207\include\__msvc_ostream.hpp(189,39):
      or       'std::basic_ostream<char,std::char_traits<char>> &std::basic_ostream<char,std::char_traits<char>>::operator <<(std::basic_ostream<char,std::char_traits<char>> &(__cdecl *)(std::basic_ostream<char,std::char_traits<char>> &))'
      C:\Program Files\Microsoft Visual Studio\2022\Community\VC\Tools\MSVC\14.44.35207\include\__msvc_ostream.hpp(688,32):
      or       'std::basic_ostream<char,std::char_traits<char>> &std::operator <<<char,std::char_traits<char>>(std::basic_ostream<char,std::char_traits<char>> &,const char *)'
      C:\Program Files\Microsoft Visual Studio\2022\Community\VC\Tools\MSVC\14.44.35207\include\__msvc_ostream.hpp(732,32):
      or       'std::basic_ostream<char,std::char_traits<char>> &std::operator <<<char,std::char_traits<char>>(std::basic_ostream<char,std::char_traits<char>> &,char)'
      C:\Program Files\Microsoft Visual Studio\2022\Community\VC\Tools\MSVC\14.44.35207\include\__msvc_ostream.hpp(768,31):
      or       'std::basic_ostream<char,std::char_traits<char>> &std::operator <<<std::char_traits<char>>(std::basic_ostream<char,std::char_traits<char>> &,const char *)'
      C:\Program Files\Microsoft Visual Studio\2022\Community\VC\Tools\MSVC\14.44.35207\include\__msvc_ostream.hpp(813,31):
      or       'std::basic_ostream<char,std::char_traits<char>> &std::operator <<<std::char_traits<char>>(std::basic_ostream<char,std::char_traits<char>> &,char)'
      C:\Program Files\Microsoft Visual Studio\2022\Community\VC\Tools\MSVC\14.44.35207\include\__msvc_ostream.hpp(930,31):
      or       'std::basic_ostream<char,std::char_traits<char>> &std::operator <<<std::char_traits<char>>(std::basic_ostream<char,std::char_traits<char>> &,const signed char *)'
      C:\Program Files\Microsoft Visual Studio\2022\Community\VC\Tools\MSVC\14.44.35207\include\__msvc_ostream.hpp(936,31):
      or       'std::basic_ostream<char,std::char_traits<char>> &std::operator <<<std::char_traits<char>>(std::basic_ostream<char,std::char_traits<char>> &,signed char)'
      C:\Program Files\Microsoft Visual Studio\2022\Community\VC\Tools\MSVC\14.44.35207\include\__msvc_ostream.hpp(941,31):
      or       'std::basic_ostream<char,std::char_traits<char>> &std::operator <<<std::char_traits<char>>(std::basic_ostream<char,std::char_traits<char>> &,const unsigned char *)'
      C:\Program Files\Microsoft Visual Studio\2022\Community\VC\Tools\MSVC\14.44.35207\include\__msvc_ostream.hpp(947,31):
      or       'std::basic_ostream<char,std::char_traits<char>> &std::operator <<<std::char_traits<char>>(std::basic_ostream<char,std::char_traits<char>> &,unsigned char)'
      C:\Program Files\Microsoft Visual Studio\2022\Community\VC\Tools\MSVC\14.44.35207\include\__msvc_ostream.hpp(1031,32):
      or       'std::basic_ostream<char,std::char_traits<char>> &std::operator <<<char,std::char_traits<char>>(std::basic_ostream<char,std::char_traits<char>> &,const std::error_code &)'
      C:\Users\sigmad\Desktop\sploshwareRON\ImGui DirectX 11 Kiero Hook\OffsetLoader.cpp(249,19):
      while trying to match the argument list '(std::basic_ostream<char,std::char_traits<char>>, <error type>)'
  
  Menu.cpp
  Generating Code...
